<?xml version="1.0" encoding="UTF-8"?>
<!-- Generated by org.testng.reporters.JUnitReportReporter -->
<testsuite hostname="DC-PC" name="com.example.testng.params.NgCvsUtilsTest" tests="2" failures="0" timestamp="21 Mar 2017 11:58:42 GMT" time="0.009" errors="0">
  <testcase name="testNgCvsWriteNext" time="0.004" classname="com.example.testng.params.NgCvsUtilsTest"/>
  <testcase name="testNgCvsReadAll" time="0.005" classname="com.example.testng.params.NgCvsUtilsTest"/>
</testsuite> <!-- com.example.testng.params.NgCvsUtilsTest -->
