<?xml version="1.0" encoding="UTF-8"?>
<!-- Generated by org.testng.reporters.JUnitReportReporter -->
<testsuite hostname="DC-PC" name="com.example.testng.params.NgParamsTest" tests="2" failures="0" timestamp="21 Mar 2017 11:58:42 GMT" time="0.008" errors="0">
  <testcase name="testNgXmlParamersOverride" time="0.001" classname="com.example.testng.params.NgParamsTest"/>
  <testcase name="testNgXmlParamers" time="0.007" classname="com.example.testng.params.NgParamsTest"/>
</testsuite> <!-- com.example.testng.params.NgParamsTest -->
